<?xml version="1.0" encoding="UTF-8"?>
<!-- Generated by org.testng.reporters.JUnitXMLReporter -->
<testsuite hostname="LAPTOP-C7HGNBTL" ignored="0" name="Default test" tests="4" failures="0" timestamp="27 Jun 2021 09:17:05 GMT" time="60.554" errors="0">
  <testcase name="HomePageTitleTest" time="0.026" classname="com.seleniumeasy.qa.testcases.HomePageTest"/>
  <testcase name="SeleniumEasyLogoTest" time="0.157" classname="com.seleniumeasy.qa.testcases.HomePageTest"/>
  <testcase name="stratTest" time="0.356" classname="com.seleniumeasy.qa.testcases.HomePageTest"/>
  <testcase name="navigateSimpleFormToHome" time="1.68" classname="com.seleniumeasy.qa.testcases.HomePageTest"/>
</testsuite> <!-- Default test -->
