<?xml version="1.0" encoding="UTF-8"?>
<testng-results skipped="0" failed="0" ignored="0" total="4" passed="4">
  <reporter-output>
  </reporter-output>
  <suite name="Default suite" duration-ms="60554" started-at="2021-06-27T09:16:05Z" finished-at="2021-06-27T09:17:05Z">
    <groups>
    </groups>
    <test name="Default test" duration-ms="60554" started-at="2021-06-27T09:16:05Z" finished-at="2021-06-27T09:17:05Z">
      <class name="com.seleniumeasy.qa.testcases.HomePageTest">
        <test-method status="PASS" signature="setUp()[pri:0, instance:com.seleniumeasy.qa.testcases.HomePageTest@769e7ee8]" name="setUp" is-config="true" duration-ms="8705" started-at="2021-06-27T14:46:05Z" finished-at="2021-06-27T14:46:13Z">
          <reporter-output>
          </reporter-output>
        </test-method> <!-- setUp -->
        <test-method status="PASS" signature="HomePageTitleTest()[pri:1, instance:com.seleniumeasy.qa.testcases.HomePageTest@769e7ee8]" name="HomePageTitleTest" duration-ms="26" started-at="2021-06-27T14:46:13Z" finished-at="2021-06-27T14:46:13Z">
          <reporter-output>
          </reporter-output>
        </test-method> <!-- HomePageTitleTest -->
        <test-method status="PASS" signature="tearDown()[pri:0, instance:com.seleniumeasy.qa.testcases.HomePageTest@769e7ee8]" name="tearDown" is-config="true" duration-ms="820" started-at="2021-06-27T14:46:13Z" finished-at="2021-06-27T14:46:14Z">
          <reporter-output>
          </reporter-output>
        </test-method> <!-- tearDown -->
        <test-method status="PASS" signature="setUp()[pri:0, instance:com.seleniumeasy.qa.testcases.HomePageTest@769e7ee8]" name="setUp" is-config="true" duration-ms="13076" started-at="2021-06-27T14:46:14Z" finished-at="2021-06-27T14:46:27Z">
          <reporter-output>
          </reporter-output>
        </test-method> <!-- setUp -->
        <test-method status="PASS" signature="SeleniumEasyLogoTest()[pri:2, instance:com.seleniumeasy.qa.testcases.HomePageTest@769e7ee8]" name="SeleniumEasyLogoTest" duration-ms="157" started-at="2021-06-27T14:46:27Z" finished-at="2021-06-27T14:46:28Z">
          <reporter-output>
          </reporter-output>
        </test-method> <!-- SeleniumEasyLogoTest -->
        <test-method status="PASS" signature="tearDown()[pri:0, instance:com.seleniumeasy.qa.testcases.HomePageTest@769e7ee8]" name="tearDown" is-config="true" duration-ms="780" started-at="2021-06-27T14:46:28Z" finished-at="2021-06-27T14:46:28Z">
          <reporter-output>
          </reporter-output>
        </test-method> <!-- tearDown -->
        <test-method status="PASS" signature="setUp()[pri:0, instance:com.seleniumeasy.qa.testcases.HomePageTest@769e7ee8]" name="setUp" is-config="true" duration-ms="20942" started-at="2021-06-27T14:46:28Z" finished-at="2021-06-27T14:46:49Z">
          <reporter-output>
          </reporter-output>
        </test-method> <!-- setUp -->
        <test-method status="PASS" signature="stratTest()[pri:3, instance:com.seleniumeasy.qa.testcases.HomePageTest@769e7ee8]" name="stratTest" duration-ms="356" started-at="2021-06-27T14:46:49Z" finished-at="2021-06-27T14:46:50Z">
          <reporter-output>
          </reporter-output>
        </test-method> <!-- stratTest -->
        <test-method status="PASS" signature="tearDown()[pri:0, instance:com.seleniumeasy.qa.testcases.HomePageTest@769e7ee8]" name="tearDown" is-config="true" duration-ms="800" started-at="2021-06-27T14:46:50Z" finished-at="2021-06-27T14:46:50Z">
          <reporter-output>
          </reporter-output>
        </test-method> <!-- tearDown -->
        <test-method status="PASS" signature="setUp()[pri:0, instance:com.seleniumeasy.qa.testcases.HomePageTest@769e7ee8]" name="setUp" is-config="true" duration-ms="12322" started-at="2021-06-27T14:46:50Z" finished-at="2021-06-27T14:47:03Z">
          <reporter-output>
          </reporter-output>
        </test-method> <!-- setUp -->
        <test-method status="PASS" signature="navigateSimpleFormToHome()[pri:4, instance:com.seleniumeasy.qa.testcases.HomePageTest@769e7ee8]" name="navigateSimpleFormToHome" duration-ms="1680" started-at="2021-06-27T14:47:03Z" finished-at="2021-06-27T14:47:04Z">
          <reporter-output>
          </reporter-output>
        </test-method> <!-- navigateSimpleFormToHome -->
        <test-method status="PASS" signature="tearDown()[pri:0, instance:com.seleniumeasy.qa.testcases.HomePageTest@769e7ee8]" name="tearDown" is-config="true" duration-ms="832" started-at="2021-06-27T14:47:04Z" finished-at="2021-06-27T14:47:05Z">
          <reporter-output>
          </reporter-output>
        </test-method> <!-- tearDown -->
      </class> <!-- com.seleniumeasy.qa.testcases.HomePageTest -->
    </test> <!-- Default test -->
  </suite> <!-- Default suite -->
</testng-results>
